This is pdfTeX, Version 3.14159265-2.6-1.40.16 (TeX Live 2015) (preloaded format=pdflatex 2015.10.19)  3 MAY 2016 16:40
entering extended mode
 restricted \write18 enabled.
 file:line:error style messages enabled.
 %&-line parsing enabled.
**gphoton.tex
(./gphoton.tex
LaTeX2e <2015/10/01> patch level 1
Babel <3.9m> and hyphenation patterns for 79 languages loaded.
(./aastex.cls
Document Class: aastex 2005/06/22 5.2/AAS markup document class
Class aastex Info: Original \LaTeX2.09 style by Chris Biemesderfer (chris@seago
at.com). Adapted to \LaTeXe by A. Ogawa (ogawa@teleport.com) on input line 83.
(/usr/local/texlive/2014/texmf-dist/tex/latex/base/article.cls
Document Class: article 2014/09/29 v1.4h Standard LaTeX document class
(/usr/local/texlive/2014/texmf-dist/tex/latex/base/size11.clo
File: size11.clo 2014/09/29 v1.4h Standard LaTeX file (size option)
)
\c@part=\count79
\c@section=\count80
\c@subsection=\count81
\c@subsubsection=\count82
\c@paragraph=\count83
\c@subparagraph=\count84
\c@figure=\count85
\c@table=\count86
\abovecaptionskip=\skip41
\belowcaptionskip=\skip42
\bibindent=\dimen102
)
(/usr/local/texlive/2014/texmf-dist/tex/latex/base/latexsym.sty
Package: latexsym 1998/08/17 v2.2e Standard LaTeX package (lasy symbols)
\symlasy=\mathgroup4
LaTeX Font Info:    Overwriting symbol font `lasy' in version `bold'
(Font)                  U/lasy/m/n --> U/lasy/b/n on input line 52.
)
(/usr/local/texlive/2014/texmf-dist/tex/latex/graphics/graphicx.sty
Package: graphicx 2014/10/28 v1.0g Enhanced LaTeX Graphics (DPC,SPQR)

(/usr/local/texlive/2014/texmf-dist/tex/latex/graphics/keyval.sty
Package: keyval 2014/10/28 v1.15 key=value parser (DPC)
\KV@toks@=\toks14
)
(/usr/local/texlive/2014/texmf-dist/tex/latex/graphics/graphics.sty
Package: graphics 2014/10/28 v1.0p Standard LaTeX Graphics (DPC,SPQR)

(/usr/local/texlive/2014/texmf-dist/tex/latex/graphics/trig.sty
Package: trig 1999/03/16 v1.09 sin cos tan (DPC)
)
(/usr/local/texlive/2014/texmf-dist/tex/latex/latexconfig/graphics.cfg
File: graphics.cfg 2010/04/23 v1.9 graphics configuration of TeX Live
)
Package graphics Info: Driver file: pdftex.def on input line 94.

(/usr/local/texlive/2014/texmf-dist/tex/latex/pdftex-def/pdftex.def
File: pdftex.def 2011/05/27 v0.06d Graphics/color for pdfTeX

(/usr/local/texlive/2014/texmf-dist/tex/generic/oberdiek/infwarerr.sty
Package: infwarerr 2010/04/08 v1.3 Providing info/warning/error messages (HO)
)
(/usr/local/texlive/2014/texmf-dist/tex/generic/oberdiek/ltxcmds.sty
Package: ltxcmds 2011/11/09 v1.22 LaTeX kernel commands for general use (HO)
)
\Gread@gobject=\count87
))
\Gin@req@height=\dimen103
\Gin@req@width=\dimen104
)
(/usr/local/texlive/2014/texmf-dist/tex/latex/amsfonts/amssymb.sty
Package: amssymb 2013/01/14 v3.01 AMS font symbols

(/usr/local/texlive/2014/texmf-dist/tex/latex/amsfonts/amsfonts.sty
Package: amsfonts 2013/01/14 v3.01 Basic AMSFonts support
\@emptytoks=\toks15
\symAMSa=\mathgroup5
\symAMSb=\mathgroup6
LaTeX Font Info:    Overwriting math alphabet `\mathfrak' in version `bold'
(Font)                  U/euf/m/n --> U/euf/b/n on input line 106.
))
(/usr/local/texlive/2014/texmf-dist/tex/latex/natbib/natbib.sty
Package: natbib 2010/09/13 8.31b (PWD, AO)
\bibhang=\skip43
\bibsep=\skip44
LaTeX Info: Redefining \cite on input line 694.
\c@NAT@ctr=\count88
)
(/usr/local/texlive/2014/texmf-dist/tex/latex/tools/verbatim.sty
Package: verbatim 2014/10/28 v1.5q LaTeX2e package for verbatim enhancements
\every@verbatim=\toks16
\verbatim@line=\toks17
\verbatim@in@stream=\read1
)
\@slugcmmntwidth=\dimen105
\abstract@box=\box26
\c@editornote=\count89
\c@cureqno=\count90
\tnotemarkskip=\skip45
\@abovenoteskip=\dimen106
\pt@box=\box27
\pt@width=\dimen107
\pt@line=\count91
\pt@column=\count92
\pt@nlines=\count93
\pt@ncol=\count94
\pt@page=\count95
\tabbaseskip=\dimen108
\pt@tmpcapwidth=\dimen109
\spew@tblnotesbox=\box28
\restof@tblnotesbox=\box29
\noteheight=\dimen110
\pt@tabnoteminht=\dimen111
\firsttabskip=\dimen112
\captionbox=\box30
\pt@reduceline=\dimen113
\extra@vspace=\dimen114
\c@plate=\count96
\my@footins=\box31
)
(/usr/local/texlive/2014/texmf-dist/tex/latex/lineno/lineno.sty
Package: lineno 2005/11/02 line numbers on paragraphs v4.41
\linenopenalty=\count97
\output=\toks18
\linenoprevgraf=\count98
\linenumbersep=\dimen115
\linenumberwidth=\dimen116
\c@linenumber=\count99
\c@pagewiselinenumber=\count100
\c@LN@truepage=\count101
\c@internallinenumber=\count102
\c@internallinenumbers=\count103
\quotelinenumbersep=\dimen117
\bframerule=\dimen118
\bframesep=\dimen119
\bframebox=\box32
LaTeX Info: Redefining \\ on input line 3056.
)
(/usr/local/texlive/2014/texmf-dist/tex/latex/hyperref/hyperref.sty
Package: hyperref 2012/11/06 v6.83m Hypertext links for LaTeX

(/usr/local/texlive/2014/texmf-dist/tex/generic/oberdiek/hobsub-hyperref.sty
Package: hobsub-hyperref 2012/05/28 v1.13 Bundle oberdiek, subset hyperref (HO)


(/usr/local/texlive/2014/texmf-dist/tex/generic/oberdiek/hobsub-generic.sty
Package: hobsub-generic 2012/05/28 v1.13 Bundle oberdiek, subset generic (HO)
Package: hobsub 2012/05/28 v1.13 Construct package bundles (HO)
Package hobsub Info: Skipping package `infwarerr' (already loaded).
Package hobsub Info: Skipping package `ltxcmds' (already loaded).
Package: ifluatex 2010/03/01 v1.3 Provides the ifluatex switch (HO)
Package ifluatex Info: LuaTeX not detected.
Package: ifvtex 2010/03/01 v1.5 Detect VTeX and its facilities (HO)
Package ifvtex Info: VTeX not detected.
Package: intcalc 2007/09/27 v1.1 Expandable calculations with integers (HO)
Package: ifpdf 2011/01/30 v2.3 Provides the ifpdf switch (HO)
Package ifpdf Info: pdfTeX in PDF mode is detected.
Package: etexcmds 2011/02/16 v1.5 Avoid name clashes with e-TeX commands (HO)
Package etexcmds Info: Could not find \expanded.
(etexcmds)             That can mean that you are not using pdfTeX 1.50 or
(etexcmds)             that some package has redefined \expanded.
(etexcmds)             In the latter case, load this package earlier.
Package: kvsetkeys 2012/04/25 v1.16 Key value parser (HO)
Package: kvdefinekeys 2011/04/07 v1.3 Define keys (HO)
Package: pdftexcmds 2011/11/29 v0.20 Utility functions of pdfTeX for LuaTeX (HO
)
Package pdftexcmds Info: LuaTeX not detected.
Package pdftexcmds Info: \pdf@primitive is available.
Package pdftexcmds Info: \pdf@ifprimitive is available.
Package pdftexcmds Info: \pdfdraftmode found.
Package: pdfescape 2011/11/25 v1.13 Implements pdfTeX's escape features (HO)
Package: bigintcalc 2012/04/08 v1.3 Expandable calculations on big integers (HO
)
Package: bitset 2011/01/30 v1.1 Handle bit-vector datatype (HO)
Package: uniquecounter 2011/01/30 v1.2 Provide unlimited unique counter (HO)
)
Package hobsub Info: Skipping package `hobsub' (already loaded).
Package: letltxmacro 2010/09/02 v1.4 Let assignment for LaTeX macros (HO)
Package: hopatch 2012/05/28 v1.2 Wrapper for package hooks (HO)
Package: xcolor-patch 2011/01/30 xcolor patch
Package: atveryend 2011/06/30 v1.8 Hooks at the very end of document (HO)
Package atveryend Info: \enddocument detected (standard20110627).
Package: atbegshi 2011/10/05 v1.16 At begin shipout hook (HO)
Package: refcount 2011/10/16 v3.4 Data extraction from label references (HO)
Package: hycolor 2011/01/30 v1.7 Color options for hyperref/bookmark (HO)
)
(/usr/local/texlive/2014/texmf-dist/tex/generic/ifxetex/ifxetex.sty
Package: ifxetex 2010/09/12 v0.6 Provides ifxetex conditional
)
(/usr/local/texlive/2014/texmf-dist/tex/latex/oberdiek/auxhook.sty
Package: auxhook 2011/03/04 v1.3 Hooks for auxiliary files (HO)
)
(/usr/local/texlive/2014/texmf-dist/tex/latex/oberdiek/kvoptions.sty
Package: kvoptions 2011/06/30 v3.11 Key value format for package options (HO)
)
\@linkdim=\dimen120
\Hy@linkcounter=\count104
\Hy@pagecounter=\count105

(/usr/local/texlive/2014/texmf-dist/tex/latex/hyperref/pd1enc.def
File: pd1enc.def 2012/11/06 v6.83m Hyperref: PDFDocEncoding definition (HO)
)
\Hy@SavedSpaceFactor=\count106

(/usr/local/texlive/2014/texmf-dist/tex/latex/latexconfig/hyperref.cfg
File: hyperref.cfg 2002/06/06 v1.2 hyperref configuration of TeXLive
)
Package hyperref Info: Hyper figures OFF on input line 4443.
Package hyperref Info: Link nesting OFF on input line 4448.
Package hyperref Info: Hyper index ON on input line 4451.
Package hyperref Info: Plain pages OFF on input line 4458.
Package hyperref Info: Backreferencing OFF on input line 4463.
Package hyperref Info: Implicit mode ON; LaTeX internals redefined.
Package hyperref Info: Bookmarks ON on input line 4688.
\c@Hy@tempcnt=\count107

(/usr/local/texlive/2014/texmf-dist/tex/latex/url/url.sty
\Urlmuskip=\muskip10
Package: url 2013/09/16  ver 3.4  Verb mode for urls, etc.
)
LaTeX Info: Redefining \url on input line 5041.
\XeTeXLinkMargin=\dimen121
\Fld@menulength=\count108
\Field@Width=\dimen122
\Fld@charsize=\dimen123
Package hyperref Info: Hyper figures OFF on input line 6295.
Package hyperref Info: Link nesting OFF on input line 6300.
Package hyperref Info: Hyper index ON on input line 6303.
Package hyperref Info: backreferencing OFF on input line 6310.
Package hyperref Info: Link coloring OFF on input line 6315.
Package hyperref Info: Link coloring with OCG OFF on input line 6320.
Package hyperref Info: PDF/A mode OFF on input line 6325.
LaTeX Info: Redefining \ref on input line 6365.
LaTeX Info: Redefining \pageref on input line 6369.
\Hy@abspage=\count109
\c@Item=\count110
\c@Hfootnote=\count111
)

Package hyperref Message: Driver (autodetected): hpdftex.

(/usr/local/texlive/2014/texmf-dist/tex/latex/hyperref/hpdftex.def
File: hpdftex.def 2012/11/06 v6.83m Hyperref driver for pdfTeX
\Fld@listcount=\count112
\c@bookmark@seq@number=\count113

(/usr/local/texlive/2014/texmf-dist/tex/latex/oberdiek/rerunfilecheck.sty
Package: rerunfilecheck 2011/04/15 v1.7 Rerun checks for auxiliary files (HO)
Package uniquecounter Info: New unique counter `rerunfilecheck' on input line 2
82.
)
\Hy@SectionHShift=\skip46
)
(/usr/local/texlive/2014/texmf-dist/tex/latex/tools/tabularx.sty
Package: tabularx 2014/10/28 v2.10 `tabularx' package (DPC)

(/usr/local/texlive/2014/texmf-dist/tex/latex/tools/array.sty
Package: array 2014/10/28 v2.4c Tabular extension package (FMi)
\col@sep=\dimen124
\extrarowheight=\dimen125
\NC@list=\toks19
\extratabsurround=\skip47
\backup@length=\skip48
)
\TX@col@width=\dimen126
\TX@old@table=\dimen127
\TX@old@col=\dimen128
\TX@target=\dimen129
\TX@delta=\dimen130
\TX@cols=\count114
\TX@ftn=\toks20
)
(/usr/local/texlive/2014/texmf-dist/tex/latex/graphics/color.sty
Package: color 2014/10/28 v1.1a Standard LaTeX Color (DPC)

(/usr/local/texlive/2014/texmf-dist/tex/latex/latexconfig/color.cfg
File: color.cfg 2007/01/18 v1.5 color configuration of teTeX/TeXLive
)
Package color Info: Driver file: pdftex.def on input line 142.
)
(/usr/local/texlive/2014/texmf-dist/tex/latex/oberdiek/epstopdf.sty
Package: epstopdf 2010/02/09 v2.5 Conversion with epstopdf on the fly (HO)

(/usr/local/texlive/2014/texmf-dist/tex/latex/oberdiek/epstopdf-base.sty
Package: epstopdf-base 2010/02/09 v2.5 Base part for package epstopdf

(/usr/local/texlive/2014/texmf-dist/tex/latex/oberdiek/grfext.sty
Package: grfext 2010/08/19 v1.1 Manage graphics extensions (HO)
)
Package grfext Info: Graphics extension search list:
(grfext)             [.png,.pdf,.jpg,.mps,.jpeg,.jbig2,.jb2,.PNG,.PDF,.JPG,.JPE
G,.JBIG2,.JB2,.eps]
(grfext)             \AppendGraphicsExtensions on input line 452.

(/usr/local/texlive/2014/texmf-dist/tex/latex/latexconfig/epstopdf-sys.cfg
File: epstopdf-sys.cfg 2010/07/13 v1.3 Configuration of (r)epstopdf for TeX Liv
e
)))
(./gphoton.aux)
\openout1 = `gphoton.aux'.

LaTeX Font Info:    Checking defaults for OML/cmm/m/it on input line 17.
LaTeX Font Info:    ... okay on input line 17.
LaTeX Font Info:    Checking defaults for T1/cmr/m/n on input line 17.
LaTeX Font Info:    ... okay on input line 17.
LaTeX Font Info:    Checking defaults for OT1/cmr/m/n on input line 17.
LaTeX Font Info:    ... okay on input line 17.
LaTeX Font Info:    Checking defaults for OMS/cmsy/m/n on input line 17.
LaTeX Font Info:    ... okay on input line 17.
LaTeX Font Info:    Checking defaults for OMX/cmex/m/n on input line 17.
LaTeX Font Info:    ... okay on input line 17.
LaTeX Font Info:    Checking defaults for U/cmr/m/n on input line 17.
LaTeX Font Info:    ... okay on input line 17.
LaTeX Font Info:    Checking defaults for PD1/pdf/m/n on input line 17.
LaTeX Font Info:    ... okay on input line 17.

(/usr/local/texlive/2014/texmf-dist/tex/context/base/supp-pdf.mkii
[Loading MPS to PDF converter (version 2006.09.02).]
\scratchcounter=\count115
\scratchdimen=\dimen131
\scratchbox=\box33
\nofMPsegments=\count116
\nofMParguments=\count117
\everyMPshowfont=\toks21
\MPscratchCnt=\count118
\MPscratchDim=\dimen132
\MPnumerator=\count119
\makeMPintoPDFobject=\count120
\everyMPtoPDFconversion=\toks22
)
AAS preprint substyle, v5.2 <12 Dec 2003>.
\AtBeginShipoutBox=\box34
Package hyperref Info: Link coloring OFF on input line 17.
(/usr/local/texlive/2014/texmf-dist/tex/latex/hyperref/nameref.sty
Package: nameref 2012/10/27 v2.43 Cross-referencing by name of section

(/usr/local/texlive/2014/texmf-dist/tex/generic/oberdiek/gettitlestring.sty
Package: gettitlestring 2010/12/03 v1.4 Cleanup title references (HO)
)
\c@section@level=\count121
)
LaTeX Info: Redefining \ref on input line 17.
LaTeX Info: Redefining \pageref on input line 17.
LaTeX Info: Redefining \nameref on input line 17.

(./gphoton.out) (./gphoton.out)
\@outlinefile=\write3
\openout3 = `gphoton.out'.

LaTeX Font Info:    Try loading font information for U+lasy on input line 46.

(/usr/local/texlive/2014/texmf-dist/tex/latex/base/ulasy.fd
File: ulasy.fd 1998/08/17 v2.2e LaTeX symbol font definitions
)
LaTeX Font Info:    Try loading font information for U+msa on input line 46.

(/usr/local/texlive/2014/texmf-dist/tex/latex/amsfonts/umsa.fd
File: umsa.fd 2013/01/14 v3.01 AMS symbols A
)
LaTeX Font Info:    Try loading font information for U+msb on input line 46.

(/usr/local/texlive/2014/texmf-dist/tex/latex/amsfonts/umsb.fd
File: umsb.fd 2013/01/14 v3.01 AMS symbols B
)
Underfull \hbox (badness 10000) in paragraph at lines 46--46
[][][][]$\OT1/cmtt/m/n/9 http : / / dx . doi . org / doi : 10 . 17909 / T9CC7G$
[]\OT1/cmr/m/n/9 ,[]$\OT1/cmtt/m/n/9 http : / / ascl . net / 1603 . 004$[]\OT1/
cmr/m/n/9 ,[]$\OT1/cmtt/m/n/9 https : / / github . com / cmillion /
 []


Package natbib Warning: Citation `mar2005' on page 1 undefined on input line 51
.


Package natbib Warning: Citation `mor2005' on page 1 undefined on input line 51
.


Package natbib Warning: Citation `mor2007' on page 1 undefined on input line 51
.

Missing character: There is no ï in font cmr10!
Missing character: There is no ¿ in font cmr10!
Missing character: There is no ½ in font cmr10!
Missing character: There is no ï in font cmr10!
Missing character: There is no ¿ in font cmr10!
Missing character: There is no ½ in font cmr10!
[1

{/usr/local/texlive/2014/texmf-var/fonts/map/pdftex/updmap/pdftex.map}]

LaTeX Warning: Command \r invalid in math mode on input line 53.


LaTeX Warning: Command \r invalid in math mode on input line 53.

[2]

Package natbib Warning: Citation `rob2005' on page 3 undefined on input line 65
.


Package natbib Warning: Citation `wel2007' on page 3 undefined on input line 65
.

[3]
LaTeX Font Info:    Try loading font information for OMS+cmr on input line 69.
 (/usr/local/texlive/2014/texmf-dist/tex/latex/base/omscmr.fd
File: omscmr.fd 2014/09/29 v2.5h Standard LaTeX font definitions
)
LaTeX Font Info:    Font shape `OMS/cmr/m/n' in size <10.95> not available
(Font)              Font shape `OMS/cmsy/m/n' tried instead on input line 69.
 [4]

Package natbib Warning: Citation `mor2007' on page 5 undefined on input line 82
.


Package natbib Warning: Citation `mor2007' on page 5 undefined on input line 82
.

[5]

Package natbib Warning: Citation `gra2006' on page 6 undefined on input line 92
.

[6] [7] [8]

Package natbib Warning: Citation `pen2010' on page 9 undefined on input line 12
3.


Package natbib Warning: Citation `gre2002' on page 9 undefined on input line 12
3.


Package natbib Warning: Citation `cal2002' on page 9 undefined on input line 12
3.


Package natbib Warning: Citation `mor2007' on page 9 undefined on input line 12
7.

[9]
Underfull \hbox (badness 10000) in paragraph at lines 138--138
[][][][]$\OT1/cmtt/m/n/9 http : / / www . galex . caltech . edu / DATA / gr1 _ 
docs / Background _ determination _ and _ source _ extraction _ for _
 []

[10]

Package natbib Warning: Citation `mor2007' on page 11 undefined on input line 1
44.

[11]

LaTeX Warning: Reference `nuvrelphot|' on page 12 undefined on input line 148.


Package natbib Warning: Citation `mor2007' on page 12 undefined on input line 1
51.


Package natbib Warning: Citation `camarota2014white' on page 12 undefined on in
put line 151.


Package natbib Warning: Citation `bohlin2008absolute' on page 12 undefined on i
nput line 151.

[12] [13] [14]

Package natbib Warning: Citation `for2013' on page 15 undefined on input line 1
78.


Package natbib Warning: Citation `mor2007' on page 15 undefined on input line 1
80.

[15] [16]

Package natbib Warning: Citation `tam2008' on page 17 undefined on input line 2
06.


Package natbib Warning: Citation `cri1970' on page 17 undefined on input line 2
06.


Package natbib Warning: Citation `whe2008' on page 17 undefined on input line 2
06.


Package natbib Warning: Citation `wel2006' on page 17 undefined on input line 2
06.


Package natbib Warning: Citation `wel2006' on page 17 undefined on input line 2
08.


Package natbib Warning: Citation `ram2013' on page 17 undefined on input line 2
08.


Package natbib Warning: Citation `tam2008' on page 17 undefined on input line 2
08.

[17]

Package natbib Warning: Citation `mor2007' on page 18 undefined on input line 2
10.

[18]
No file gphoton.bbl.
[19]
Overfull \hbox (39.77097pt too wide) in alignment at lines 242--242
[][][][][] 
 []


Underfull \hbox (badness 2080) in paragraph at lines 251--251
\OT1/cmr/m/n/10.95 pho-ton event database that the
 []


Underfull \hbox (badness 1484) in paragraph at lines 253--253
\OT1/cmr/m/n/10.95 given co-or-di-nate, time sam-pling,
 []


Underfull \hbox (badness 2512) in paragraph at lines 254--255
\OT1/cmr/m/n/10.95 and/or cal-i-brated fluxes), for a
 []

[20] [21]
Package epstopdf Info: Source file: <Fig01.eps>
(epstopdf)                    date: 2016-03-04 16:43:29
(epstopdf)                    size: 136855 bytes
(epstopdf)             Output file: <Fig01-eps-converted-to.pdf>
(epstopdf)                    date: 2016-05-02 14:54:32
(epstopdf)                    size: 49446 bytes
(epstopdf)             Command: <repstopdf --outfile=Fig01-eps-converted-to.pdf
 Fig01.eps>
(epstopdf)             \includegraphics on input line 268.
Package epstopdf Info: Output file is already uptodate.
 <Fig01-eps-converted-to.pdf, id=305, 526.96875pt x 353.32pt>
File: Fig01-eps-converted-to.pdf Graphic file (type pdf)

<use Fig01-eps-converted-to.pdf>
Package pdftex.def Info: Fig01-eps-converted-to.pdf used on input line 268.
(pdftex.def)             Requested size: 474.26749pt x 317.98506pt.

Overfull \hbox (4.5125pt too wide) in paragraph at lines 268--269
[][] 
 []

Package epstopdf Info: Source file: <Fig02.eps>
(epstopdf)                    date: 2016-04-29 20:19:13
(epstopdf)                    size: 251373 bytes
(epstopdf)             Output file: <Fig02-eps-converted-to.pdf>
(epstopdf)                    date: 2016-05-02 14:54:33
(epstopdf)                    size: 167883 bytes
(epstopdf)             Command: <repstopdf --outfile=Fig02-eps-converted-to.pdf
 Fig02.eps>
(epstopdf)             \includegraphics on input line 274.
Package epstopdf Info: Output file is already uptodate.
<Fig02-eps-converted-to.pdf, id=306, 732.7375pt x 677.53125pt>
File: Fig02-eps-converted-to.pdf Graphic file (type pdf)

<use Fig02-eps-converted-to.pdf>
Package pdftex.def Info: Fig02-eps-converted-to.pdf used on input line 274.
(pdftex.def)             Requested size: 476.27374pt x 440.39009pt.

Overfull \hbox (6.51875pt too wide) in paragraph at lines 274--276
[][] 
 []

Package epstopdf Info: Source file: <Fig03.eps>
(epstopdf)                    date: 2016-04-29 20:19:42
(epstopdf)                    size: 255404 bytes
(epstopdf)             Output file: <Fig03-eps-converted-to.pdf>
(epstopdf)                    date: 2016-05-02 14:54:34
(epstopdf)                    size: 169306 bytes
(epstopdf)             Command: <repstopdf --outfile=Fig03-eps-converted-to.pdf
 Fig03.eps>
(epstopdf)             \includegraphics on input line 281.
Package epstopdf Info: Output file is already uptodate.
<Fig03-eps-converted-to.pdf, id=307, 732.7375pt x 677.53125pt>
File: Fig03-eps-converted-to.pdf Graphic file (type pdf)

<use Fig03-eps-converted-to.pdf>
Package pdftex.def Info: Fig03-eps-converted-to.pdf used on input line 281.
(pdftex.def)             Requested size: 476.27374pt x 440.39009pt.

Overfull \hbox (6.51875pt too wide) in paragraph at lines 281--283
[][] 
 []

Package epstopdf Info: Source file: <Fig04.eps>
(epstopdf)                    date: 2016-04-29 20:20:15
(epstopdf)                    size: 147414 bytes
(epstopdf)             Output file: <Fig04-eps-converted-to.pdf>
(epstopdf)                    date: 2016-05-02 14:54:34
(epstopdf)                    size: 68149 bytes
(epstopdf)             Command: <repstopdf --outfile=Fig04-eps-converted-to.pdf
 Fig04.eps>
(epstopdf)             \includegraphics on input line 288.
Package epstopdf Info: Output file is already uptodate.
<Fig04-eps-converted-to.pdf, id=308, 705.63625pt x 378.41376pt>
File: Fig04-eps-converted-to.pdf Graphic file (type pdf)

<use Fig04-eps-converted-to.pdf>
Package pdftex.def Info: Fig04-eps-converted-to.pdf used on input line 288.
(pdftex.def)             Requested size: 476.30545pt x 255.42981pt.

Overfull \hbox (6.55046pt too wide) in paragraph at lines 288--290
[][] 
 []

Package epstopdf Info: Source file: <Fig05.eps>
(epstopdf)                    date: 2016-05-02 14:46:57
(epstopdf)                    size: 331620 bytes
(epstopdf)             Output file: <Fig05-eps-converted-to.pdf>
(epstopdf)                    date: 2016-05-02 14:54:35
(epstopdf)                    size: 566773 bytes
(epstopdf)             Command: <repstopdf --outfile=Fig05-eps-converted-to.pdf
 Fig05.eps>
(epstopdf)             \includegraphics on input line 295.
Package epstopdf Info: Output file is already uptodate.
<Fig05-eps-converted-to.pdf, id=309, 742.775pt x 371.3875pt>
File: Fig05-eps-converted-to.pdf Graphic file (type pdf)

<use Fig05-eps-converted-to.pdf>
Package pdftex.def Info: Fig05-eps-converted-to.pdf used on input line 295.
(pdftex.def)             Requested size: 475.37437pt x 237.68718pt.

Overfull \hbox (5.61938pt too wide) in paragraph at lines 295--297
[][] 
 []

Package epstopdf Info: Source file: <Fig06.eps>
(epstopdf)                    date: 2016-05-02 14:47:22
(epstopdf)                    size: 465131 bytes
(epstopdf)             Output file: <Fig06-eps-converted-to.pdf>
(epstopdf)                    date: 2016-05-02 14:54:36
(epstopdf)                    size: 581295 bytes
(epstopdf)             Command: <repstopdf --outfile=Fig06-eps-converted-to.pdf
 Fig06.eps>
(epstopdf)             \includegraphics on input line 302.
Package epstopdf Info: Output file is already uptodate.
<Fig06-eps-converted-to.pdf, id=310, 742.775pt x 371.3875pt>
File: Fig06-eps-converted-to.pdf Graphic file (type pdf)

<use Fig06-eps-converted-to.pdf>
Package pdftex.def Info: Fig06-eps-converted-to.pdf used on input line 302.
(pdftex.def)             Requested size: 475.37437pt x 237.68718pt.

Overfull \hbox (5.61938pt too wide) in paragraph at lines 302--304
[][] 
 []


LaTeX Warning: Reference `bgrephot' on page 22 undefined on input line 304.

Package epstopdf Info: Source file: <Fig07.eps>
(epstopdf)                    date: 2016-05-02 14:47:42
(epstopdf)                    size: 325191 bytes
(epstopdf)             Output file: <Fig07-eps-converted-to.pdf>
(epstopdf)                    date: 2016-05-02 14:54:37
(epstopdf)                    size: 239704 bytes
(epstopdf)             Command: <repstopdf --outfile=Fig07-eps-converted-to.pdf
 Fig07.eps>
(epstopdf)             \includegraphics on input line 309.
Package epstopdf Info: Output file is already uptodate.
<Fig07-eps-converted-to.pdf, id=311, 742.775pt x 371.3875pt>
File: Fig07-eps-converted-to.pdf Graphic file (type pdf)

<use Fig07-eps-converted-to.pdf>
Package pdftex.def Info: Fig07-eps-converted-to.pdf used on input line 309.
(pdftex.def)             Requested size: 475.37437pt x 237.68718pt.

Overfull \hbox (5.61938pt too wide) in paragraph at lines 309--311
[][] 
 []

Package epstopdf Info: Source file: <Fig08.eps>
(epstopdf)                    date: 2016-05-02 14:48:02
(epstopdf)                    size: 455950 bytes
(epstopdf)             Output file: <Fig08-eps-converted-to.pdf>
(epstopdf)                    date: 2016-05-02 14:54:38
(epstopdf)                    size: 555442 bytes
(epstopdf)             Command: <repstopdf --outfile=Fig08-eps-converted-to.pdf
 Fig08.eps>
(epstopdf)             \includegraphics on input line 316.
Package epstopdf Info: Output file is already uptodate.
<Fig08-eps-converted-to.pdf, id=312, 742.775pt x 371.3875pt>
File: Fig08-eps-converted-to.pdf Graphic file (type pdf)

<use Fig08-eps-converted-to.pdf>
Package pdftex.def Info: Fig08-eps-converted-to.pdf used on input line 316.
(pdftex.def)             Requested size: 475.37437pt x 237.68718pt.

Overfull \hbox (5.61938pt too wide) in paragraph at lines 316--318
[][] 
 []

Package epstopdf Info: Source file: <Fig09.eps>
(epstopdf)                    date: 2016-04-29 20:23:25
(epstopdf)                    size: 228847 bytes
(epstopdf)             Output file: <Fig09-eps-converted-to.pdf>
(epstopdf)                    date: 2016-05-02 14:54:38
(epstopdf)                    size: 154674 bytes
(epstopdf)             Command: <repstopdf --outfile=Fig09-eps-converted-to.pdf
 Fig09.eps>
(epstopdf)             \includegraphics on input line 323.
Package epstopdf Info: Output file is already uptodate.
<Fig09-eps-converted-to.pdf, id=313, 757.83125pt x 381.425pt>
File: Fig09-eps-converted-to.pdf Graphic file (type pdf)

<use Fig09-eps-converted-to.pdf>
Package pdftex.def Info: Fig09-eps-converted-to.pdf used on input line 323.
(pdftex.def)             Requested size: 473.64337pt x 238.39003pt.

Overfull \hbox (3.88838pt too wide) in paragraph at lines 323--325
[][] 
 []

Package epstopdf Info: Source file: <Fig10.eps>
(epstopdf)                    date: 2016-04-29 20:23:49
(epstopdf)                    size: 155470 bytes
(epstopdf)             Output file: <Fig10-eps-converted-to.pdf>
(epstopdf)                    date: 2016-05-02 14:54:39
(epstopdf)                    size: 92240 bytes
(epstopdf)             Command: <repstopdf --outfile=Fig10-eps-converted-to.pdf
 Fig10.eps>
(epstopdf)             \includegraphics on input line 330.
Package epstopdf Info: Output file is already uptodate.
<Fig10-eps-converted-to.pdf, id=315, 757.83125pt x 381.425pt>
File: Fig10-eps-converted-to.pdf Graphic file (type pdf)

<use Fig10-eps-converted-to.pdf>
Package pdftex.def Info: Fig10-eps-converted-to.pdf used on input line 330.
(pdftex.def)             Requested size: 473.64337pt x 238.39003pt.

Overfull \hbox (3.88838pt too wide) in paragraph at lines 330--332
[][] 
 []

Package epstopdf Info: Source file: <Fig11.eps>
(epstopdf)                    date: 2016-04-29 20:24:12
(epstopdf)                    size: 178943 bytes
(epstopdf)             Output file: <Fig11-eps-converted-to.pdf>
(epstopdf)                    date: 2016-05-02 14:54:40
(epstopdf)                    size: 79088 bytes
(epstopdf)             Command: <repstopdf --outfile=Fig11-eps-converted-to.pdf
 Fig11.eps>
(epstopdf)             \includegraphics on input line 337.
Package epstopdf Info: Output file is already uptodate.
<Fig11-eps-converted-to.pdf, id=316, 858.20625pt x 371.3875pt>
File: Fig11-eps-converted-to.pdf Graphic file (type pdf)

<use Fig11-eps-converted-to.pdf>
Package pdftex.def Info: Fig11-eps-converted-to.pdf used on input line 337.
(pdftex.def)             Requested size: 472.01491pt x 204.26375pt.

Overfull \hbox (2.25992pt too wide) in paragraph at lines 337--339
[][] 
 []

Package epstopdf Info: Source file: <Fig12.eps>
(epstopdf)                    date: 2016-04-29 20:24:34
(epstopdf)                    size: 164365 bytes
(epstopdf)             Output file: <Fig12-eps-converted-to.pdf>
(epstopdf)                    date: 2016-05-02 14:54:41
(epstopdf)                    size: 99452 bytes
(epstopdf)             Command: <repstopdf --outfile=Fig12-eps-converted-to.pdf
 Fig12.eps>
(epstopdf)             \includegraphics on input line 344.
Package epstopdf Info: Output file is already uptodate.
<Fig12-eps-converted-to.pdf, id=319, 757.83125pt x 381.425pt>
File: Fig12-eps-converted-to.pdf Graphic file (type pdf)

<use Fig12-eps-converted-to.pdf>
Package pdftex.def Info: Fig12-eps-converted-to.pdf used on input line 344.
(pdftex.def)             Requested size: 473.64337pt x 238.39003pt.

Overfull \hbox (3.88838pt too wide) in paragraph at lines 344--346
[][] 
 []

Package epstopdf Info: Source file: <Fig13.eps>
(epstopdf)                    date: 2016-04-29 20:24:59
(epstopdf)                    size: 156668 bytes
(epstopdf)             Output file: <Fig13-eps-converted-to.pdf>
(epstopdf)                    date: 2016-05-02 14:54:42
(epstopdf)                    size: 393103 bytes
(epstopdf)             Command: <repstopdf --outfile=Fig13-eps-converted-to.pdf
 Fig13.eps>
(epstopdf)             \includegraphics on input line 351.
Package epstopdf Info: Output file is already uptodate.
<Fig13-eps-converted-to.pdf, id=320, 757.83125pt x 381.425pt>
File: Fig13-eps-converted-to.pdf Graphic file (type pdf)

<use Fig13-eps-converted-to.pdf>
Package pdftex.def Info: Fig13-eps-converted-to.pdf used on input line 351.
(pdftex.def)             Requested size: 473.64337pt x 238.39003pt.

Overfull \hbox (3.88838pt too wide) in paragraph at lines 351--353
[][] 
 []

Package epstopdf Info: Source file: <Fig14.eps>
(epstopdf)                    date: 2016-04-29 20:25:21
(epstopdf)                    size: 173230 bytes
(epstopdf)             Output file: <Fig14-eps-converted-to.pdf>
(epstopdf)                    date: 2016-05-02 14:54:42
(epstopdf)                    size: 75127 bytes
(epstopdf)             Command: <repstopdf --outfile=Fig14-eps-converted-to.pdf
 Fig14.eps>
(epstopdf)             \includegraphics on input line 358.
Package epstopdf Info: Output file is already uptodate.
<Fig14-eps-converted-to.pdf, id=321, 858.20625pt x 371.3875pt>
File: Fig14-eps-converted-to.pdf Graphic file (type pdf)

<use Fig14-eps-converted-to.pdf>
Package pdftex.def Info: Fig14-eps-converted-to.pdf used on input line 358.
(pdftex.def)             Requested size: 429.10208pt x 185.69328pt.
Package epstopdf Info: Source file: <Fig15.eps>
(epstopdf)                    date: 2016-05-02 14:54:27
(epstopdf)                    size: 142623 bytes
(epstopdf)             Output file: <Fig15-eps-converted-to.pdf>
(epstopdf)                    date: 2016-05-02 14:54:43
(epstopdf)                    size: 92109 bytes
(epstopdf)             Command: <repstopdf --outfile=Fig15-eps-converted-to.pdf
 Fig15.eps>
(epstopdf)             \includegraphics on input line 365.
Package epstopdf Info: Output file is already uptodate.

<Fig15-eps-converted-to.pdf, id=324, 933.4875pt x 371.3875pt>
File: Fig15-eps-converted-to.pdf Graphic file (type pdf)

<use Fig15-eps-converted-to.pdf>
Package pdftex.def Info: Fig15-eps-converted-to.pdf used on input line 365.
(pdftex.def)             Requested size: 513.41972pt x 204.26375pt.

Overfull \hbox (43.66473pt too wide) in paragraph at lines 365--367
[][] 
 []

Package epstopdf Info: Source file: <Fig16.eps>
(epstopdf)                    date: 2016-03-04 16:43:30
(epstopdf)                    size: 574370 bytes
(epstopdf)             Output file: <Fig16-eps-converted-to.pdf>
(epstopdf)                    date: 2016-05-02 14:54:44
(epstopdf)                    size: 312294 bytes
(epstopdf)             Command: <repstopdf --outfile=Fig16-eps-converted-to.pdf
 Fig16.eps>
(epstopdf)             \includegraphics on input line 372.
Package epstopdf Info: Output file is already uptodate.
<Fig16-eps-converted-to.pdf, id=325, 501.875pt x 291.0875pt>
File: Fig16-eps-converted-to.pdf Graphic file (type pdf)

<use Fig16-eps-converted-to.pdf>
Package pdftex.def Info: Fig16-eps-converted-to.pdf used on input line 372.
(pdftex.def)             Requested size: 476.77853pt x 276.53154pt.

Overfull \hbox (7.02354pt too wide) in paragraph at lines 372--374
[][] 
 []

Package epstopdf Info: Source file: <Fig17.eps>
(epstopdf)                    date: 2016-03-04 16:43:30
(epstopdf)                    size: 372665 bytes
(epstopdf)             Output file: <Fig17-eps-converted-to.pdf>
(epstopdf)                    date: 2016-05-02 14:54:44
(epstopdf)                    size: 96363 bytes
(epstopdf)             Command: <repstopdf --outfile=Fig17-eps-converted-to.pdf
 Fig17.eps>
(epstopdf)             \includegraphics on input line 379.
Package epstopdf Info: Output file is already uptodate.
<Fig17-eps-converted-to.pdf, id=326, 521.95pt x 291.0875pt>
File: Fig17-eps-converted-to.pdf Graphic file (type pdf)

<use Fig17-eps-converted-to.pdf>
Package pdftex.def Info: Fig17-eps-converted-to.pdf used on input line 379.
(pdftex.def)             Requested size: 469.75066pt x 261.97632pt.
Package epstopdf Info: Source file: <Fig18.eps>
(epstopdf)                    date: 2016-03-04 16:43:30
(epstopdf)                    size: 71761 bytes
(epstopdf)             Output file: <Fig18-eps-converted-to.pdf>
(epstopdf)                    date: 2016-05-02 14:54:45
(epstopdf)                    size: 28032 bytes
(epstopdf)             Command: <repstopdf --outfile=Fig18-eps-converted-to.pdf
 Fig18.eps>
(epstopdf)             \includegraphics on input line 386.
Package epstopdf Info: Output file is already uptodate.

<Fig18-eps-converted-to.pdf, id=327, 953.5625pt x 742.775pt>
File: Fig18-eps-converted-to.pdf Graphic file (type pdf)

<use Fig18-eps-converted-to.pdf>
Package pdftex.def Info: Fig18-eps-converted-to.pdf used on input line 386.
(pdftex.def)             Requested size: 467.24973pt x 363.96294pt.
 [22 <./Fig01-eps-converted-to.pdf>] [23 <./Fig02-eps-converted-to.pdf>] [24 <.
/Fig03-eps-converted-to.pdf>] [25 <./Fig04-eps-converted-to.pdf>] [26 <./Fig05-
eps-converted-to.pdf>] [27 <./Fig06-eps-converted-to.pdf>] [28 <./Fig07-eps-con
verted-to.pdf>] [29 <./Fig08-eps-converted-to.pdf>] [30 <./Fig09-eps-converted-
to.pdf>] [31 <./Fig10-eps-converted-to.pdf> <./Fig11-eps-converted-to.pdf>] [32
 <./Fig12-eps-converted-to.pdf>] [33 <./Fig13-eps-converted-to.pdf> <./Fig14-ep
s-converted-to.pdf>] [34 <./Fig15-eps-converted-to.pdf>] [35 <./Fig16-eps-conve
rted-to.pdf>] [36 <./Fig17-eps-converted-to.pdf>] [37 <./Fig18-eps-converted-to
.pdf>]
Package epstopdf Info: Source file: <Fig19.eps>
(epstopdf)                    date: 2016-03-04 16:43:30
(epstopdf)                    size: 143185 bytes
(epstopdf)             Output file: <Fig19-eps-converted-to.pdf>
(epstopdf)                    date: 2016-05-02 14:54:46
(epstopdf)                    size: 174137 bytes
(epstopdf)             Command: <repstopdf --outfile=Fig19-eps-converted-to.pdf
 Fig19.eps>
(epstopdf)             \includegraphics on input line 394.
Package epstopdf Info: Output file is already uptodate.

<Fig19-eps-converted-to.pdf, id=538, 682.55pt x 1294.8375pt>
File: Fig19-eps-converted-to.pdf Graphic file (type pdf)

<use Fig19-eps-converted-to.pdf>
Package pdftex.def Info: Fig19-eps-converted-to.pdf used on input line 394.
(pdftex.def)             Requested size: 255.95563pt x 485.56287pt.
 [38 <./Fig19-eps-converted-to.pdf>]
Package epstopdf Info: Source file: <Fig20.eps>
(epstopdf)                    date: 2016-03-04 16:43:30
(epstopdf)                    size: 1399951 bytes
(epstopdf)             Output file: <Fig20-eps-converted-to.pdf>
(epstopdf)                    date: 2016-05-02 14:54:48
(epstopdf)                    size: 148400 bytes
(epstopdf)             Command: <repstopdf --outfile=Fig20-eps-converted-to.pdf
 Fig20.eps>
(epstopdf)             \includegraphics on input line 401.
Package epstopdf Info: Output file is already uptodate.

<Fig20-eps-converted-to.pdf, id=597, 396.48125pt x 692.5875pt>
File: Fig20-eps-converted-to.pdf Graphic file (type pdf)

<use Fig20-eps-converted-to.pdf>
Package pdftex.def Info: Fig20-eps-converted-to.pdf used on input line 401.
(pdftex.def)             Requested size: 148.6801pt x 259.71967pt.


Package natbib Warning: There were undefined citations.

Package atveryend Info: Empty hook `BeforeClearDocument' on input line 406.
[39 <./Fig20-eps-converted-to.pdf>]
Package atveryend Info: Empty hook `AfterLastShipout' on input line 406.
 (./gphoton.aux)
Package atveryend Info: Executing hook `AtVeryEndDocument' on input line 406.
Package atveryend Info: Executing hook `AtEndAfterFileList' on input line 406.
Package rerunfilecheck Info: File `gphoton.out' has not changed.
(rerunfilecheck)             Checksum: BAAD2E6FD85AF31EA409552F4348D66F;1816.


LaTeX Warning: There were undefined references.

Package atveryend Info: Empty hook `AtVeryVeryEnd' on input line 406.
 ) 
Here is how much of TeX's memory you used:
 6918 strings out of 493054
 99269 string characters out of 6134759
 211168 words of memory out of 5000000
 10244 multiletter control sequences out of 15000+600000
 12434 words of font info for 51 fonts, out of 8000000 for 9000
 1141 hyphenation exceptions out of 8191
 34i,10n,28p,1800b,399s stack positions out of 5000i,500n,10000p,200000b,80000s
</usr/local/texlive/2014/texmf-dist/fonts/type1/public/amsfonts/cm/cmbx10.pfb
></usr/local/texlive/2014/texmf-dist/fonts/type1/public/amsfonts/cm/cmbx12.pfb>
</usr/local/texlive/2014/texmf-dist/fonts/type1/public/amsfonts/cm/cmmi10.pfb><
/usr/local/texlive/2014/texmf-dist/fonts/type1/public/amsfonts/cm/cmmi8.pfb></u
sr/local/texlive/2014/texmf-dist/fonts/type1/public/amsfonts/cm/cmr10.pfb></usr
/local/texlive/2014/texmf-dist/fonts/type1/public/amsfonts/cm/cmr6.pfb></usr/lo
cal/texlive/2014/texmf-dist/fonts/type1/public/amsfonts/cm/cmr8.pfb></usr/local
/texlive/2014/texmf-dist/fonts/type1/public/amsfonts/cm/cmr9.pfb></usr/local/te
xlive/2014/texmf-dist/fonts/type1/public/amsfonts/cm/cmsy10.pfb></usr/local/tex
live/2014/texmf-dist/fonts/type1/public/amsfonts/cm/cmsy8.pfb></usr/local/texli
ve/2014/texmf-dist/fonts/type1/public/amsfonts/cm/cmti10.pfb></usr/local/texliv
e/2014/texmf-dist/fonts/type1/public/amsfonts/cm/cmtt9.pfb>
Output written on gphoton.pdf (39 pages, 4333355 bytes).
PDF statistics:
 673 PDF objects out of 1000 (max. 8388607)
 450 compressed objects within 5 object streams
 99 named destinations out of 1000 (max. 500000)
 325 words of extra memory for PDF output out of 10000 (max. 10000000)

